info: Restableciendo contraseña para el usuario: fercba5678@gmail.com
error: req.logger.warn is not a function
info: Restableciendo contraseña para el usuario: fercba5678@gmail.com
warning: El correo electrónico no está registrado
info: Restableciendo contraseña para el usuario: fercba5678@gmail.com
info: Código generado: [object Promise]
error: Cannot read properties of undefined (reading 'create')
info: Restableciendo contraseña para el usuario: fercba5678@gmail.com
info: Código generado: [object Promise]
error: Cannot read properties of undefined (reading 'save')
info: Restableciendo contraseña para el usuario: fercba5678@gmail.com
info: Código generado: [object Promise]
error: Cannot read properties of undefined (reading 'save')
info: Restableciendo contraseña para el usuario: fercba5678@gmail.com
info: Código generado: [object Promise]
error: Cannot read properties of undefined (reading 'create')
info: Restableciendo contraseña para el usuario: fercba5678@gmail.com
info: Código generado: [object Promise]
error: resetPasswordCodes validation failed: code: Cast to string failed for value "Promise { <pending> }" (type Promise) at path "code"
info: Restableciendo contraseña para el usuario: fercba5678@gmail.com
info: Código generado: [object Promise]
info: Código guardado: {
  email: 'fercba5678@gmail.com',
  code: '$2b$04$lj5G1TSRDlaqLBhiBNDXO',
  _id: new ObjectId("66b0f2bd5ee4c3a10b46710d"),
  createdAt: 2024-08-05T15:41:49.771Z,
  __v: 0
}
info: Código guardado: {
  email: 'fercba5678@gmail.com',
  code: '$2b$04$lj5G1TSRDlaqLBhiBNDXO',
  _id: new ObjectId("66b0f2bd5ee4c3a10b46710d"),
  createdAt: 2024-08-05T15:41:49.771Z,
  __v: 0
}
info: Restableciendo contraseña para el usuario: fercba5678@gmail.com
info: Código generado: [object Promise]
info: Código guardado: {
  email: 'fercba5678@gmail.com',
  code: '$2b$04$LOGVxDe9YbKvhsWbQbVnYe',
  _id: new ObjectId("66b0f47362ae645bc7af9937"),
  createdAt: 2024-08-05T15:49:07.857Z,
  __v: 0
}
warning: Error enviando correo electrónico   config is not defined {"stack":"ReferenceError: config is not defined\n    at exports.resetPassword (C:\\Users\\Fernando\\Desktop\\Clases Codehouse\\Ecommerse con Capas\\src\\controllers\\sessionController.js:162:56)\n    at process.processTicksAndRejections (node:internal/process/task_queues:95:5)"}
info: Restableciendo contraseña para el usuario: fercba5678@gmail.com
info: Código generado: [object Promise]
info: Código guardado: {
  email: 'fercba5678@gmail.com',
  code: '$2b$04$pJhGvLPogogHoyrlz6rFe',
  _id: new ObjectId("66b0f4c80c5b0d97fd5e9423"),
  createdAt: 2024-08-05T15:50:32.169Z,
  __v: 0
}
info: Envio de correo ferdeveloper197@gmail.com
warning: Error enviando correo electrónico   req is not defined {"stack":"ReferenceError: req is not defined\n    at mailing_Reset_Pass (C:\\Users\\Fernando\\Desktop\\Clases Codehouse\\Ecommerse con Capas\\src\\utils\\nodemailer.js:144:5)\n    at exports.resetPassword (C:\\Users\\Fernando\\Desktop\\Clases Codehouse\\Ecommerse con Capas\\src\\controllers\\sessionController.js:164:34)\n    at process.processTicksAndRejections (node:internal/process/task_queues:95:5)"}
info: Restableciendo contraseña para el usuario: fercba5678@gmail.com
info: Código generado: [object Promise]
info: Código guardado: {
  email: 'fercba5678@gmail.com',
  code: '$2b$04$LgLt5btLyLMMIJpvBzBen.',
  _id: new ObjectId("66b0f5810c5b0d97fd5e9427"),
  createdAt: 2024-08-05T15:53:37.257Z,
  __v: 0
}
info: Envio de correo ferdeveloper197@gmail.com
warning: Error enviando correo electrónico   req is not defined {"stack":"ReferenceError: req is not defined\n    at mailing_Reset_Pass (C:\\Users\\Fernando\\Desktop\\Clases Codehouse\\Ecommerse con Capas\\src\\utils\\nodemailer.js:144:5)\n    at exports.resetPassword (C:\\Users\\Fernando\\Desktop\\Clases Codehouse\\Ecommerse con Capas\\src\\controllers\\sessionController.js:164:34)\n    at process.processTicksAndRejections (node:internal/process/task_queues:95:5)"}
info: Restableciendo contraseña para el usuario: fercba5678@gmail.com
info: Código generado: [object Promise]
info: Código guardado: {
  email: 'fercba5678@gmail.com',
  code: '$2b$04$jcqkKTIl5Es1Hb9GByn27u',
  _id: new ObjectId("66b0f6743fc654b6f9120bea"),
  createdAt: 2024-08-05T15:57:40.764Z,
  __v: 0
}
info: Envio de correo line163 fercba5678@gmail.com
warning: Error enviando correo electrónico   req is not defined {"stack":"ReferenceError: req is not defined\n    at mailing_Reset_Pass (C:\\Users\\Fernando\\Desktop\\Clases Codehouse\\Ecommerse con Capas\\src\\utils\\nodemailer.js:144:5)\n    at exports.resetPassword (C:\\Users\\Fernando\\Desktop\\Clases Codehouse\\Ecommerse con Capas\\src\\controllers\\sessionController.js:163:34)\n    at process.processTicksAndRejections (node:internal/process/task_queues:95:5)"}
info: Restableciendo contraseña para el usuario: fercba5678@gmail.com
info: Código generado: [object Promise]
info: Código guardado: {
  email: 'fercba5678@gmail.com',
  code: '$2b$04$NgiQOTr0bSubXlACl21dqu',
  _id: new ObjectId("66b0f6ab6f9a474cd96bdde7"),
  createdAt: 2024-08-05T15:58:35.228Z,
  __v: 0
}
info: Envio de correo line163 fercba5678@gmail.com
info: Restableciendo contraseña para el usuario: fercba5678@gmail.com
info: Código generado: [object Promise]
info: Código guardado: {
  email: 'fercba5678@gmail.com',
  code: '$2b$04$LaBCcmsWTe.PZ..6Fl21O',
  _id: new ObjectId("66b0f7186f9a474cd96bddeb"),
  createdAt: 2024-08-05T16:00:24.103Z,
  __v: 0
}
info: Envio de correo line163 fercba5678@gmail.com
info: Restableciendo contraseña para el usuario: fercba5678@gmail.com
info: Código generado: [object Promise]
info: Código guardado: {
  email: 'fercba5678@gmail.com',
  code: '$2b$04$uCFlPMrjUGcyKKsWp8rW5.',
  _id: new ObjectId("66b0f769b6c9cce6b6bba5b7"),
  createdAt: 2024-08-05T16:01:45.893Z,
  __v: 0
}
info: Envio de correo line162 fercba5678@gmail.com
info: Envio de correo line164 Error enviando correo electrónico
info: Restableciendo contraseña para el usuario: fercba5678@gmail.com
info: Código generado: [object Promise]
info: Código guardado: {
  email: 'fercba5678@gmail.com',
  code: '$2b$04$1ZZpezOh4.EoeC8zs.E1Pu',
  _id: new ObjectId("66b0f8c255da02a0b8ada80f"),
  createdAt: 2024-08-05T16:07:30.829Z,
  __v: 0
}
info: Envio de correo line162 fercba5678@gmail.com
info: undefined
info: Restableciendo contraseña para el usuario: fercba5678@gmail.com
info: Código generado: [object Promise]
info: Código guardado: {
  email: 'fercba5678@gmail.com',
  code: '$2b$04$RH9N34sCPhJ0zU7qUN.Nu',
  _id: new ObjectId("66b0f98bb9d28fc09411347e"),
  createdAt: 2024-08-05T16:10:51.985Z,
  __v: 0
}
info: Envio de correo line162 [object Promise]
info: Correo electrónico enviado exitosamente
info: Restableciendo contraseña para el usuario: fercba5678@gmail.com
info: Código generado: [object Promise]
error: crypto.randomBytes is not a function
info: Restableciendo contraseña para el usuario: fercba5678@gmail.com
info: Código generado: [object Promise]
info: Código guardado: {
  email: 'fercba5678@gmail.com',
  code: 'd842b7b2',
  _id: new ObjectId("66b10f5256112a2991e58f28"),
  createdAt: 2024-08-05T17:43:46.497Z,
  __v: 0
}
info: Envio de correo line162 d842b7b2
info: Correo electrónico enviado exitosamente
info: Reiniciando la contraseña
info: Reiniciando la contraseña 
error: Error al reiniciar la contraseña: TypeError: req.logger.warn is not a function
info: Reiniciando la contraseña
info: Reiniciando la contraseña 
warning: Código de recuperación inválido
info: Reiniciando la contraseña
info: Reiniciando la contraseña 
warning: Código de recuperación inválido
info: Restableciendo contraseña para el usuario: fercba5678@gmail.com
info: Código generado: [object Promise]
info: Código guardado: [object Object]
info: Envio de correo line162 [object Promise]
info: Correo electrónico enviado exitosamente
info: Restableciendo contraseña para el usuario: fer@fer.com
info: Código generado: [object Promise]
info: Código guardado: [object Object]
info: Envio de correo line162 [object Promise]
info: Correo electrónico enviado exitosamente
info: Restableciendo contraseña para el usuario: fer@fer.com
info: Código generado: [object Promise]
info: Código guardado: [object Object]
info: Envio de correo line162 [object Promise]
info: Correo electrónico enviado exitosamente
info: Restableciendo contraseña para el usuario: fer@fer.com
info: Código generado: [object Promise]
info: Código guardado: [object Object]
info: Envio de correo line162 [object Promise]
info: Correo electrónico enviado exitosamente
info: Restableciendo contraseña para el usuario: fer@fer.com
info: Código generado: [object Promise]
info: Código guardado: [object Object]
info: Envio de correo line162 [object Promise]
info: Correo electrónico enviado exitosamente
info: Restableciendo contraseña para el usuario: fer@fer.com
info: Código generado: 55ef3f01
info: Código guardado: [object Object]
info: Envio de correo line162 55ef3f01
info: Correo electrónico enviado exitosamente
info: Reiniciando la contraseña
info: Reiniciando la contraseña 
error: Error al reiniciar la contraseña: ReferenceError: createHash is not defined
info: Reiniciando la contraseña
info: Reiniciando la contraseña 
error: Error al reiniciar la contraseña: TypeError: userService.updateUserByEmail is not a function
info: Reiniciando la contraseña
info: Reiniciando la contraseña 
error: Error al reiniciar la contraseña: TypeError: userService.updateUserByEmail is not a function
info: Reiniciando la contraseña
info: Reiniciando la contraseña 
error: Error al actualizar la contraseña del usuario
info: Reiniciando la contraseña
info: Reiniciando la contraseña 
error: Error al actualizar la contraseña del usuario
info: Reiniciando la contraseña
info: Reiniciando la contraseña 
info: Contraseña actualizada con éxito
info: Contraseña incorrecta Usuario email: fer@fer.com 
info: Reiniciando la contraseña
info: Reiniciando la contraseña 
info: Contraseña actualizada con éxito
info: Reiniciando la contraseña
info: Reiniciando la contraseña 
info: Contraseña actualizada con éxito
info: Contraseña incorrecta Usuario email: fer@fer.com 
info: Reiniciando la contraseña
info: Reiniciando la contraseña 
info: Contraseña actualizada con éxito
info: Reiniciando la contraseña
info: Reiniciando la contraseña 
info: Contraseña actualizada con éxito
error: Error al inciar sesión: Error: data and hash arguments required
info: Reiniciando la contraseña
info: Reiniciando la contraseña 
info: Contraseña actualizada con éxito
info: Reiniciando la contraseña
info: Reiniciando la contraseña 
info: Contraseña actualizada con éxito
info: Reiniciando la contraseña
info: Reiniciando la contraseña 
info: Contraseña actualizada con éxito
info: Reiniciando la contraseña
info: Reiniciando la contraseña 
error: Error al actualizar la contraseña del usuario
info: Reiniciando la contraseña
info: Reiniciando la contraseña 
info: Contraseña actualizada con éxito
info: Reiniciando la contraseña
info: Reiniciando la contraseña 
info: Contraseña actualizada con éxito
info: Restableciendo contraseña para el usuario: fer@fer.com
info: Código generado: 80cef2df
info: Código guardado: {
  email: 'fer@fer.com',
  code: '80cef2df',
  _id: new ObjectId("66b1228daef6270cce651399"),
  createdAt: 2024-08-05T19:05:49.838Z,
  __v: 0
}
info: Envio de correo line162 80cef2df
info: Correo electrónico enviado exitosamente
info: Reiniciando la contraseña
info: Reiniciando la contraseña 
info: Contraseña actualizada con éxito
info: Contraseña incorrecta Usuario email: fer@fer.com 
info: Reiniciando la contraseña
info: Reiniciando la contraseña 
warning: Código de recuperación inválido
info: Restableciendo contraseña para el usuario: fer@fer.com
info: Código generado: 07f10af9
info: Código guardado: {
  email: 'fer@fer.com',
  code: '07f10af9',
  _id: new ObjectId("66b128702de6d50db2ae0bda"),
  createdAt: 2024-08-05T19:30:56.559Z,
  __v: 0
}
info: Envio de correo line162 07f10af9
info: Correo electrónico enviado exitosamente
info: Reiniciando la contraseña
info: Reiniciando la contraseña 
error: Error al actualizar la contraseña del usuario
info: Reiniciando la contraseña
info: Reiniciando la contraseña 
info: Contraseña actualizada con éxito
info: Contraseña incorrecta Usuario email: fer@fer.com 
info: Reiniciando la contraseña
info: Reiniciando la contraseña 
info: Contraseña actualizada con éxito
info: Reiniciando la contraseña
info: Reiniciando la contraseña 
info: Contraseña actualizada con éxito
info: Contraseña incorrecta Usuario email: fer@fer.com 
