info: Restableciendo contraseña para el usuario: fercba5678@gmail.com
error: crypto.randomBytes is not a function
info: Restableciendo contraseña para el usuario: fercba5678@gmail.com
info: Código generado: [object Promise]
error: The "path" argument must be of type string or an instance of Buffer or URL. Received undefined
info: Restableciendo contraseña para el usuario: fercba5678@gmail.com
info: Código generado: [object Promise]
error: The "path" argument must be of type string or an instance of Buffer or URL. Received undefined
info: Restableciendo contraseña para el usuario: fercba5678@gmail.com
info: Código generado: [object Promise]
info: Código guardado: [object Object]
info: Contraseña incorrecta Usuario email: fer@fer.com 
info: Contraseña incorrecta Usuario email: fer@fer.com 
info: Usuario no encontrado con email: test@example.com
info: Contraseña incorrecta Usuario email: fercba5678@gmail.com 
info: Manejando lógica de usuarios premium para el usuario con ID: 2
error: Error al intentar cambiar rol usuario Cannot read properties of undefined (reading 'map') {"stack":"TypeError: Cannot read properties of undefined (reading 'map')\n    at exports.premiumController (C:\\Users\\Fernando\\Desktop\\Clases Codehouse\\Ecommerse con Capas\\src\\controllers\\usersController.js:15:42)"}
info: Manejando lógica de usuarios premium para el usuario con ID: 2
error: Error al intentar cambiar rol usuario Cannot read properties of undefined (reading 'map') {"stack":"TypeError: Cannot read properties of undefined (reading 'map')\n    at exports.premiumController (C:\\Users\\Fernando\\Desktop\\Clases Codehouse\\Ecommerse con Capas\\src\\controllers\\usersController.js:15:42)"}
info: Manejando lógica de usuarios premium para el usuario con ID: 2
error: Error al intentar cambiar rol usuario Cannot read properties of undefined (reading 'map') {"stack":"TypeError: Cannot read properties of undefined (reading 'map')\n    at exports.premiumController (C:\\Users\\Fernando\\Desktop\\Clases Codehouse\\Ecommerse con Capas\\src\\controllers\\usersController.js:15:42)"}
info: Manejando lógica de usuarios premium para el usuario con ID: 3
info: Manejando lógica de usuarios premium para el usuario con ID: 3
info: Manejando lógica de usuarios premium para el usuario con ID: 3
info: Manejando lógica de usuarios premium para el usuario con ID: 3
info: Manejando lógica de usuarios premium para el usuario con ID: 3
info: Manejando lógica de usuarios premium para el usuario con ID: 3
info: Manejando lógica de usuarios premium para el usuario con ID: 3
info: Manejando lógica de usuarios premium para el usuario con ID: 3
info: Manejando lógica de usuarios premium para el usuario con ID: 3
info: Manejando lógica de usuarios premium para el usuario con ID: 3
info: Manejando lógica de usuarios premium para el usuario con ID: 3
info: Manejando lógica de usuarios premium para el usuario con ID: 3
info: Manejando lógica de usuarios premium para el usuario con ID: 3
info: Manejando lógica de usuarios premium para el usuario con ID: 3
info: Manejando lógica de usuarios premium para el usuario con ID: 3
info: Manejando lógica de usuarios premium para el usuario con ID: 3
info: Manejando lógica de usuarios premium para el usuario con ID: 3
info: Manejando lógica de usuarios premium para el usuario con ID: 3
info: Manejando lógica de usuarios premium para el usuario con ID: 3
info: Manejando lógica de usuarios premium para el usuario con ID: 3
info: Manejando lógica de usuarios premium para el usuario con ID: 3
info: Manejando lógica de usuarios premium para el usuario con ID: 3
info: Manejando lógica de usuarios premium para el usuario con ID: 3
info: Manejando lógica de usuarios premium para el usuario con ID: 3
info: Manejando lógica de usuarios premium para el usuario con ID: 3
info: Manejando lógica de usuarios premium para el usuario con ID: 3
info: Manejando lógica de usuarios premium para el usuario con ID: 3
info: Manejando lógica de usuarios premium para el usuario con ID: 3
info: Manejando lógica de usuarios premium para el usuario con ID: 3
info: Manejando lógica de usuarios premium para el usuario con ID: 3
info: Manejando lógica de usuarios premium para el usuario con ID: 3
info: Contraseña incorrecta Usuario email: fer@fer.com 
info: Contraseña incorrecta Usuario email: fer@fer.com 
info: Contraseña incorrecta Usuario email: fer@fer.com
info: Contraseña incorrecta Usuario email: fer@fer.com
info: Contraseña incorrecta Usuario email: fer@fer.com
info: Contraseña incorrecta Usuario email: fer@fer.com
info: Contraseña incorrecta Usuario email: fer@fer.com
info: Contraseña incorrecta Usuario email: fer@fer.com
info: Contraseña incorrecta Usuario email: fer@fer.com
info: Contraseña incorrecta Usuario email: fer@fer.com
info: Contraseña incorrecta Usuario email: fer@fer.com
info: Contraseña incorrecta Usuario email: fercba5678@gmail.com
info: Contraseña incorrecta Usuario email: fercba5678@gmail.com
info: Contraseña incorrecta Usuario email: fercba5678@gmail.com
